<?xml version="1.0" encoding="UTF-8"?>
<testsuite xmlns:xsi="http://www.w3.org/2001/XMLSchema-instance" xsi:noNamespaceSchemaLocation="https://maven.apache.org/surefire/maven-surefire-plugin/xsd/surefire-test-report.xsd" name="gov.cms.madie.serviceUtil.AppTest" time="0.007" tests="1" errors="0" skipped="0" failures="0">
  <properties>
    <property name="java.specification.version" value="17"/>
    <property name="sun.jnu.encoding" value="UTF-8"/>
    <property name="java.class.path" value="/Users/gregory.akins/Projects/serviceUtil/target/test-classes:/Users/gregory.akins/Projects/serviceUtil/target/classes:/Users/gregory.akins/.m2/repository/ca/uhn/hapi/fhir/hapi-fhir-structures-r4/6.4.1/hapi-fhir-structures-r4-6.4.1.jar:/Users/gregory.akins/.m2/repository/com/squareup/okhttp3/okhttp/4.10.0/okhttp-4.10.0.jar:/Users/gregory.akins/.m2/repository/com/squareup/okio/okio-jvm/3.0.0/okio-jvm-3.0.0.jar:/Users/gregory.akins/.m2/repository/org/jetbrains/kotlin/kotlin-stdlib-jdk8/1.5.31/kotlin-stdlib-jdk8-1.5.31.jar:/Users/gregory.akins/.m2/repository/org/jetbrains/kotlin/kotlin-stdlib-jdk7/1.5.31/kotlin-stdlib-jdk7-1.5.31.jar:/Users/gregory.akins/.m2/repository/org/jetbrains/kotlin/kotlin-stdlib-common/1.5.31/kotlin-stdlib-common-1.5.31.jar:/Users/gregory.akins/.m2/repository/org/jetbrains/kotlin/kotlin-stdlib/1.6.20/kotlin-stdlib-1.6.20.jar:/Users/gregory.akins/.m2/repository/org/jetbrains/annotations/13.0/annotations-13.0.jar:/Users/gregory.akins/.m2/repository/ca/uhn/hapi/fhir/hapi-fhir-base/6.4.1/hapi-fhir-base-6.4.1.jar:/Users/gregory.akins/.m2/repository/com/fasterxml/jackson/datatype/jackson-datatype-jsr310/2.14.1/jackson-datatype-jsr310-2.14.1.jar:/Users/gregory.akins/.m2/repository/com/fasterxml/jackson/core/jackson-annotations/2.14.1/jackson-annotations-2.14.1.jar:/Users/gregory.akins/.m2/repository/com/fasterxml/jackson/core/jackson-core/2.14.1/jackson-core-2.14.1.jar:/Users/gregory.akins/.m2/repository/com/fasterxml/jackson/core/jackson-databind/2.14.1/jackson-databind-2.14.1.jar:/Users/gregory.akins/.m2/repository/org/apache/commons/commons-lang3/3.12.0/commons-lang3-3.12.0.jar:/Users/gregory.akins/.m2/repository/org/apache/commons/commons-text/1.10.0/commons-text-1.10.0.jar:/Users/gregory.akins/.m2/repository/commons-codec/commons-codec/1.15/commons-codec-1.15.jar:/Users/gregory.akins/.m2/repository/commons-io/commons-io/2.11.0/commons-io-2.11.0.jar:/Users/gregory.akins/.m2/repository/com/google/guava/guava/31.0.1-jre/guava-31.0.1-jre.jar:/Users/gregory.akins/.m2/repository/com/google/guava/failureaccess/1.0.1/failureaccess-1.0.1.jar:/Users/gregory.akins/.m2/repository/com/google/guava/listenablefuture/9999.0-empty-to-avoid-conflict-with-guava/listenablefuture-9999.0-empty-to-avoid-conflict-with-guava.jar:/Users/gregory.akins/.m2/repository/org/checkerframework/checker-qual/3.12.0/checker-qual-3.12.0.jar:/Users/gregory.akins/.m2/repository/com/google/errorprone/error_prone_annotations/2.7.1/error_prone_annotations-2.7.1.jar:/Users/gregory.akins/.m2/repository/com/google/j2objc/j2objc-annotations/1.3/j2objc-annotations-1.3.jar:/Users/gregory.akins/.m2/repository/org/slf4j/slf4j-api/2.0.3/slf4j-api-2.0.3.jar:/Users/gregory.akins/.m2/repository/org/slf4j/jcl-over-slf4j/2.0.3/jcl-over-slf4j-2.0.3.jar:/Users/gregory.akins/.m2/repository/ca/uhn/hapi/fhir/org.hl7.fhir.utilities/5.6.97/org.hl7.fhir.utilities-5.6.97.jar:/Users/gregory.akins/.m2/repository/com/ibm/icu/icu4j/72.1/icu4j-72.1.jar:/Users/gregory.akins/.m2/repository/ca/uhn/hapi/fhir/org.hl7.fhir.r4/5.6.97/org.hl7.fhir.r4-5.6.97.jar:/Users/gregory.akins/.m2/repository/ca/uhn/hapi/fhir/hapi-fhir-caching-api/6.4.1/hapi-fhir-caching-api-6.4.1.jar:/Users/gregory.akins/.m2/repository/com/google/code/findbugs/jsr305/3.0.2/jsr305-3.0.2.jar:/Users/gregory.akins/.m2/repository/junit/junit/3.8.1/junit-3.8.1.jar:"/>
    <property name="java.vm.vendor" value="Eclipse Adoptium"/>
    <property name="sun.arch.data.model" value="64"/>
    <property name="java.vendor.url" value="https://adoptium.net/"/>
    <property name="os.name" value="Mac OS X"/>
    <property name="java.vm.specification.version" value="17"/>
    <property name="sun.java.launcher" value="SUN_STANDARD"/>
    <property name="user.country" value="US"/>
    <property name="sun.boot.library.path" value="/Users/gregory.akins/.sdkman/candidates/java/17.0.1-tem/lib"/>
    <property name="sun.java.command" value="/Users/gregory.akins/Projects/serviceUtil/target/surefire/surefirebooter10919665630709712279.jar /Users/gregory.akins/Projects/serviceUtil/target/surefire 2023-05-03T08-49-40_143-jvmRun1 surefire17340217552138417035tmp surefire_07857103492972366272tmp"/>
    <property name="jdk.debug" value="release"/>
    <property name="surefire.test.class.path" value="/Users/gregory.akins/Projects/serviceUtil/target/test-classes:/Users/gregory.akins/Projects/serviceUtil/target/classes:/Users/gregory.akins/.m2/repository/ca/uhn/hapi/fhir/hapi-fhir-structures-r4/6.4.1/hapi-fhir-structures-r4-6.4.1.jar:/Users/gregory.akins/.m2/repository/com/squareup/okhttp3/okhttp/4.10.0/okhttp-4.10.0.jar:/Users/gregory.akins/.m2/repository/com/squareup/okio/okio-jvm/3.0.0/okio-jvm-3.0.0.jar:/Users/gregory.akins/.m2/repository/org/jetbrains/kotlin/kotlin-stdlib-jdk8/1.5.31/kotlin-stdlib-jdk8-1.5.31.jar:/Users/gregory.akins/.m2/repository/org/jetbrains/kotlin/kotlin-stdlib-jdk7/1.5.31/kotlin-stdlib-jdk7-1.5.31.jar:/Users/gregory.akins/.m2/repository/org/jetbrains/kotlin/kotlin-stdlib-common/1.5.31/kotlin-stdlib-common-1.5.31.jar:/Users/gregory.akins/.m2/repository/org/jetbrains/kotlin/kotlin-stdlib/1.6.20/kotlin-stdlib-1.6.20.jar:/Users/gregory.akins/.m2/repository/org/jetbrains/annotations/13.0/annotations-13.0.jar:/Users/gregory.akins/.m2/repository/ca/uhn/hapi/fhir/hapi-fhir-base/6.4.1/hapi-fhir-base-6.4.1.jar:/Users/gregory.akins/.m2/repository/com/fasterxml/jackson/datatype/jackson-datatype-jsr310/2.14.1/jackson-datatype-jsr310-2.14.1.jar:/Users/gregory.akins/.m2/repository/com/fasterxml/jackson/core/jackson-annotations/2.14.1/jackson-annotations-2.14.1.jar:/Users/gregory.akins/.m2/repository/com/fasterxml/jackson/core/jackson-core/2.14.1/jackson-core-2.14.1.jar:/Users/gregory.akins/.m2/repository/com/fasterxml/jackson/core/jackson-databind/2.14.1/jackson-databind-2.14.1.jar:/Users/gregory.akins/.m2/repository/org/apache/commons/commons-lang3/3.12.0/commons-lang3-3.12.0.jar:/Users/gregory.akins/.m2/repository/org/apache/commons/commons-text/1.10.0/commons-text-1.10.0.jar:/Users/gregory.akins/.m2/repository/commons-codec/commons-codec/1.15/commons-codec-1.15.jar:/Users/gregory.akins/.m2/repository/commons-io/commons-io/2.11.0/commons-io-2.11.0.jar:/Users/gregory.akins/.m2/repository/com/google/guava/guava/31.0.1-jre/guava-31.0.1-jre.jar:/Users/gregory.akins/.m2/repository/com/google/guava/failureaccess/1.0.1/failureaccess-1.0.1.jar:/Users/gregory.akins/.m2/repository/com/google/guava/listenablefuture/9999.0-empty-to-avoid-conflict-with-guava/listenablefuture-9999.0-empty-to-avoid-conflict-with-guava.jar:/Users/gregory.akins/.m2/repository/org/checkerframework/checker-qual/3.12.0/checker-qual-3.12.0.jar:/Users/gregory.akins/.m2/repository/com/google/errorprone/error_prone_annotations/2.7.1/error_prone_annotations-2.7.1.jar:/Users/gregory.akins/.m2/repository/com/google/j2objc/j2objc-annotations/1.3/j2objc-annotations-1.3.jar:/Users/gregory.akins/.m2/repository/org/slf4j/slf4j-api/2.0.3/slf4j-api-2.0.3.jar:/Users/gregory.akins/.m2/repository/org/slf4j/jcl-over-slf4j/2.0.3/jcl-over-slf4j-2.0.3.jar:/Users/gregory.akins/.m2/repository/ca/uhn/hapi/fhir/org.hl7.fhir.utilities/5.6.97/org.hl7.fhir.utilities-5.6.97.jar:/Users/gregory.akins/.m2/repository/com/ibm/icu/icu4j/72.1/icu4j-72.1.jar:/Users/gregory.akins/.m2/repository/ca/uhn/hapi/fhir/org.hl7.fhir.r4/5.6.97/org.hl7.fhir.r4-5.6.97.jar:/Users/gregory.akins/.m2/repository/ca/uhn/hapi/fhir/hapi-fhir-caching-api/6.4.1/hapi-fhir-caching-api-6.4.1.jar:/Users/gregory.akins/.m2/repository/com/google/code/findbugs/jsr305/3.0.2/jsr305-3.0.2.jar:/Users/gregory.akins/.m2/repository/junit/junit/3.8.1/junit-3.8.1.jar:"/>
    <property name="sun.cpu.endian" value="little"/>
    <property name="user.home" value="/Users/gregory.akins"/>
    <property name="user.language" value="en"/>
    <property name="java.specification.vendor" value="Oracle Corporation"/>
    <property name="java.version.date" value="2021-10-19"/>
    <property name="java.home" value="/Users/gregory.akins/.sdkman/candidates/java/17.0.1-tem"/>
    <property name="file.separator" value="/"/>
    <property name="basedir" value="/Users/gregory.akins/Projects/serviceUtil"/>
    <property name="java.vm.compressedOopsMode" value="Zero based"/>
    <property name="line.separator" value="&#10;"/>
    <property name="java.vm.specification.vendor" value="Oracle Corporation"/>
    <property name="java.specification.name" value="Java Platform API Specification"/>
    <property name="surefire.real.class.path" value="/Users/gregory.akins/Projects/serviceUtil/target/surefire/surefirebooter10919665630709712279.jar"/>
    <property name="sun.management.compiler" value="HotSpot 64-Bit Tiered Compilers"/>
    <property name="java.runtime.version" value="17.0.1+12"/>
    <property name="user.name" value="gregory.akins"/>
    <property name="path.separator" value=":"/>
    <property name="os.version" value="11.2"/>
    <property name="java.runtime.name" value="OpenJDK Runtime Environment"/>
    <property name="file.encoding" value="UTF-8"/>
    <property name="java.vm.name" value="OpenJDK 64-Bit Server VM"/>
    <property name="java.vendor.version" value="Temurin-17.0.1+12"/>
    <property name="localRepository" value="/Users/gregory.akins/.m2/repository"/>
    <property name="java.vendor.url.bug" value="https://github.com/adoptium/adoptium-support/issues"/>
    <property name="java.io.tmpdir" value="/var/folders/gx/nf2ryl495bj719cx7436ghnszpnrb3/T/"/>
    <property name="java.version" value="17.0.1"/>
    <property name="user.dir" value="/Users/gregory.akins/Projects/serviceUtil"/>
    <property name="os.arch" value="x86_64"/>
    <property name="java.vm.specification.name" value="Java Virtual Machine Specification"/>
    <property name="native.encoding" value="UTF-8"/>
    <property name="java.library.path" value="/Users/gregory.akins/Library/Java/Extensions:/Library/Java/Extensions:/Network/Library/Java/Extensions:/System/Library/Java/Extensions:/usr/lib/java:."/>
    <property name="java.vm.info" value="mixed mode, sharing"/>
    <property name="java.vendor" value="Eclipse Adoptium"/>
    <property name="java.vm.version" value="17.0.1+12"/>
    <property name="sun.io.unicode.encoding" value="UnicodeBig"/>
    <property name="java.class.version" value="61.0"/>
  </properties>
  <testcase name="testApp" classname="gov.cms.madie.serviceUtil.AppTest" time="0.002"/>
</testsuite>